# JRE version: Java(TM) SE Runtime Environment (8.0_40-b25) (build 1.8.0_40-b25)
# Java VM: Java HotSpot(TM) 64-Bit Server VM (25.40-b25 mixed mode linux-amd64 )
Heap:
 PSYoungGen      total 21708800K, used 0K [0x00007fa61a700000, 0x00007fab49a00000, 0x00007fab6fc00000)
  eden space 21707264K, 0% used [0x00007fa61a700000,0x00007fa61a700000,0x00007fab47580000)
  from space 1536K, 0% used [0x00007fab47580000,0x00007fab47580000,0x00007fab47700000)
  to   space 1536K, 0% used [0x00007fab49880000,0x00007fab49880000,0x00007fab49a00000)
 ParOldGen       total 17557504K, used 13193684K [0x00007f9b6fc00000, 0x00007f9f9f600000, 0x00007fa61a700000)
  object space 17557504K, 75% used [0x00007f9b6fc00000,0x00007f9e950753f0,0x00007f9f9f600000)
 Metaspace       used 3722K, capacity 4496K, committed 4608K, reserved 8192K
GC Heap History (10 events):
Event: 5547.501 GC heap after
Heap after GC invocations=552 (full 5):
 PSYoungGen      total 21677056K, used 192K [0x00007fa61a700000, 0x00007fab45d00000, 0x00007fab6fc00000)
  eden space 21676544K, 0% used [0x00007fa61a700000,0x00007fa61a700000,0x00007fab45780000)
  from space 512K, 37% used [0x00007fab45c80000,0x00007fab45cb0000,0x00007fab45d00000)
  to   space 1536K, 0% used [0x00007fab45a00000,0x00007fab45a00000,0x00007fab45b80000)
 ParOldGen       total 13608960K, used 4731308K [0x00007f9b6fc00000, 0x00007f9eae600000, 0x00007fa61a700000)
  object space 13608960K, 34% used [0x00007f9b6fc00000,0x00007f9c9086b238,0x00007f9eae600000)
 Metaspace       used 3715K, capacity 4496K, committed 4608K, reserved 8192K
}
Event: 5560.378 GC heap before
{Heap before GC invocations=553 (full 5):
 PSYoungGen      total 21677056K, used 21676736K [0x00007fa61a700000, 0x00007fab45d00000, 0x00007fab6fc00000)
  eden space 21676544K, 100% used [0x00007fa61a700000,0x00007fab45780000,0x00007fab45780000)
  from space 512K, 37% used [0x00007fab45c80000,0x00007fab45cb0000,0x00007fab45d00000)
  to   space 1536K, 0% used [0x00007fab45a00000,0x00007fab45a00000,0x00007fab45b80000)
 ParOldGen       total 13608960K, used 4731308K [0x00007f9b6fc00000, 0x00007f9eae600000, 0x00007fa61a700000)
  object space 13608960K, 34% used [0x00007f9b6fc00000,0x00007f9c9086b238,0x00007f9eae600000)
 Metaspace       used 3715K, capacity 4496K, committed 4608K, reserved 8192K
Event: 5560.391 GC heap after
Heap after GC invocations=553 (full 5):
 PSYoungGen      total 21680640K, used 224K [0x00007fa61a700000, 0x00007fab47880000, 0x00007fab6fc00000)
  eden space 21679104K, 0% used [0x00007fa61a700000,0x00007fa61a700000,0x00007fab45a00000)
  from space 1536K, 14% used [0x00007fab45a00000,0x00007fab45a38000,0x00007fab45b80000)
  to   space 1536K, 0% used [0x00007fab47700000,0x00007fab47700000,0x00007fab47880000)
 ParOldGen       total 13608960K, used 4731308K [0x00007f9b6fc00000, 0x00007f9eae600000, 0x00007fa61a700000)
  object space 13608960K, 34% used [0x00007f9b6fc00000,0x00007f9c9086b238,0x00007f9eae600000)
 Metaspace       used 3715K, capacity 4496K, committed 4608K, reserved 8192K
}
Event: 5571.639 GC heap before
{Heap before GC invocations=554 (full 5):
 PSYoungGen      total 21680640K, used 21679328K [0x00007fa61a700000, 0x00007fab47880000, 0x00007fab6fc00000)
  eden space 21679104K, 100% used [0x00007fa61a700000,0x00007fab45a00000,0x00007fab45a00000)
  from space 1536K, 14% used [0x00007fab45a00000,0x00007fab45a38000,0x00007fab45b80000)
  to   space 1536K, 0% used [0x00007fab47700000,0x00007fab47700000,0x00007fab47880000)
 ParOldGen       total 13608960K, used 4731308K [0x00007f9b6fc00000, 0x00007f9eae600000, 0x00007fa61a700000)
  object space 13608960K, 34% used [0x00007f9b6fc00000,0x00007f9c9086b238,0x00007f9eae600000)
 Metaspace       used 3715K, capacity 4496K, committed 4608K, reserved 8192K
Event: 5571.666 GC heap after
Heap after GC invocations=554 (full 5):
 PSYoungGen      total 21708800K, used 197K [0x00007fa61a700000, 0x00007fab48180000, 0x00007fab6fc00000)
  eden space 21707264K, 0% used [0x00007fa61a700000,0x00007fa61a700000,0x00007fab47580000)
  from space 1536K, 12% used [0x00007fab47700000,0x00007fab477314a0,0x00007fab47880000)
  to   space 1536K, 0% used [0x00007fab47580000,0x00007fab47580000,0x00007fab47700000)
 ParOldGen       total 13608960K, used 4731308K [0x00007f9b6fc00000, 0x00007f9eae600000, 0x00007fa61a700000)
  object space 13608960K, 34% used [0x00007f9b6fc00000,0x00007f9c9086b238,0x00007f9eae600000)
 Metaspace       used 3715K, capacity 4496K, committed 4608K, reserved 8192K
}
Event: 5583.121 GC heap before
{Heap before GC invocations=555 (full 5):
 PSYoungGen      total 21708800K, used 21707461K [0x00007fa61a700000, 0x00007fab48180000, 0x00007fab6fc00000)
  eden space 21707264K, 100% used [0x00007fa61a700000,0x00007fab47580000,0x00007fab47580000)
  from space 1536K, 12% used [0x00007fab47700000,0x00007fab477314a0,0x00007fab47880000)
  to   space 1536K, 0% used [0x00007fab47580000,0x00007fab47580000,0x00007fab47700000)
 ParOldGen       total 13608960K, used 4731308K [0x00007f9b6fc00000, 0x00007f9eae600000, 0x00007fa61a700000)
  object space 13608960K, 34% used [0x00007f9b6fc00000,0x00007f9c9086b238,0x00007f9eae600000)
 Metaspace       used 3715K, capacity 4496K, committed 4608K, reserved 8192K
Event: 5583.133 GC heap after
Heap after GC invocations=555 (full 5):
 PSYoungGen      total 21708800K, used 162K [0x00007fa61a700000, 0x00007fab49a00000, 0x00007fab6fc00000)
  eden space 21707264K, 0% used [0x00007fa61a700000,0x00007fa61a700000,0x00007fab47580000)
  from space 1536K, 10% used [0x00007fab47580000,0x00007fab475a8ba0,0x00007fab47700000)
  to   space 1536K, 0% used [0x00007fab49880000,0x00007fab49880000,0x00007fab49a00000)
 ParOldGen       total 13608960K, used 4731308K [0x00007f9b6fc00000, 0x00007f9eae600000, 0x00007fa61a700000)
  object space 13608960K, 34% used [0x00007f9b6fc00000,0x00007f9c9086b238,0x00007f9eae600000)
 Metaspace       used 3715K, capacity 4496K, committed 4608K, reserved 8192K
}
Event: 5615.779 GC heap before
{Heap before GC invocations=556 (full 5):
 PSYoungGen      total 21708800K, used 21707426K [0x00007fa61a700000, 0x00007fab49a00000, 0x00007fab6fc00000)
  eden space 21707264K, 100% used [0x00007fa61a700000,0x00007fab47580000,0x00007fab47580000)
  from space 1536K, 10% used [0x00007fab47580000,0x00007fab475a8ba0,0x00007fab47700000)
  to   space 1536K, 0% used [0x00007fab49880000,0x00007fab49880000,0x00007fab49a00000)
 ParOldGen       total 13608960K, used 4731308K [0x00007f9b6fc00000, 0x00007f9eae600000, 0x00007fa61a700000)
  object space 13608960K, 34% used [0x00007f9b6fc00000,0x00007f9c9086b238,0x00007f9eae600000)
 Metaspace       used 3722K, capacity 4496K, committed 4608K, reserved 8192K
Event: 5630.585 GC heap after
Heap after GC invocations=556 (full 5):
 PSYoungGen      total 21708800K, used 21707426K [0x00007fa61a700000, 0x00007fab49a00000, 0x00007fab6fc00000)
  eden space 21707264K, 100% used [0x00007fa61a700000,0x00007fab47580000,0x00007fab47580000)
  from space 1536K, 10% used [0x00007fab47580000,0x00007fab475a8ba0,0x00007fab47700000)
  to   space 1536K, 99% used [0x00007fab49880000,0x00007fab499fc900,0x00007fab49a00000)
 ParOldGen       total 17557504K, used 17555854K [0x00007f9b6fc00000, 0x00007f9f9f600000, 0x00007fa61a700000)
  object space 17557504K, 99% used [0x00007f9b6fc00000,0x00007f9f9f463a98,0x00007f9f9f600000)
 Metaspace       used 3722K, capacity 4496K, committed 4608K, reserved 8192K
}
Event: 5630.586 GC heap before
{Heap before GC invocations=557 (full 6):
 PSYoungGen      total 21708800K, used 21707426K [0x00007fa61a700000, 0x00007fab49a00000, 0x00007fab6fc00000)
  eden space 21707264K, 100% used [0x00007fa61a700000,0x00007fab47580000,0x00007fab47580000)
  from space 1536K, 10% used [0x00007fab47580000,0x00007fab475a8ba0,0x00007fab47700000)
  to   space 1536K, 99% used [0x00007fab49880000,0x00007fab499fc900,0x00007fab49a00000)
 ParOldGen       total 17557504K, used 17555854K [0x00007f9b6fc00000, 0x00007f9f9f600000, 0x00007fa61a700000)
  object space 17557504K, 99% used [0x00007f9b6fc00000,0x00007f9f9f463a98,0x00007f9f9f600000)
 Metaspace       used 3722K, capacity 4496K, committed 4608K, reserved 8192K

